[    29.338] _XSERVTransSocketUNIXCreateListener: ...SocketCreateListener() failed
[    29.338] _XSERVTransMakeAllCOTSServerListeners: server already running
[    29.339] (--) Log file renamed from "/home/ramya/.local/share/xorg/Xorg.pid-1243.log" to "/home/ramya/.local/share/xorg/Xorg.1.log"
[    29.341] 
X.Org X Server 1.20.5
X Protocol Version 11, Revision 0
[    29.341] Build Operating System: Linux 4.4.0-170-generic x86_64 Ubuntu
[    29.341] Current Operating System: Linux ramya-VirtualBox 5.3.0-40-generic #32~18.04.1-Ubuntu SMP Mon Feb 3 14:05:59 UTC 2020 x86_64
[    29.341] Kernel command line: BOOT_IMAGE=/boot/vmlinuz-5.3.0-40-generic root=UUID=a33bcd6b-7778-4ca5-ae17-1752d58c2f71 ro quiet splash
[    29.343] Build Date: 18 December 2019  08:15:29AM
[    29.343] xorg-server-hwe-18.04 2:1.20.5+git20191008-0ubuntu1~18.04.1 (For technical support please see http://www.ubuntu.com/support) 
[    29.343] Current version of pixman: 0.34.0
[    29.343] 	Before reporting problems, check http://wiki.x.org
	to make sure that you have the latest version.
[    29.343] Markers: (--) probed, (**) from config file, (==) default setting,
	(++) from command line, (!!) notice, (II) informational,
	(WW) warning, (EE) error, (NI) not implemented, (??) unknown.
[    29.344] (==) Log file: "/home/ramya/.local/share/xorg/Xorg.1.log", Time: Tue Feb 18 13:10:41 2020
[    29.345] (==) Using system config directory "/usr/share/X11/xorg.conf.d"
[    29.345] (==) No Layout section.  Using the first Screen section.
[    29.345] (==) No screen section available. Using defaults.
[    29.345] (**) |-->Screen "Default Screen Section" (0)
[    29.345] (**) |   |-->Monitor "<default monitor>"
[    29.346] (==) No monitor specified for screen "Default Screen Section".
	Using a default monitor configuration.
[    29.347] (==) Automatically adding devices
[    29.347] (==) Automatically enabling devices
[    29.347] (==) Automatically adding GPU devices
[    29.347] (==) Automatically binding GPU devices
[    29.347] (==) Max clients allowed: 256, resource mask: 0x1fffff
[    29.347] (WW) The directory "/usr/share/fonts/X11/cyrillic" does not exist.
[    29.347] 	Entry deleted from font path.
[    29.348] (WW) The directory "/usr/share/fonts/X11/100dpi/" does not exist.
[    29.348] 	Entry deleted from font path.
[    29.348] (WW) The directory "/usr/share/fonts/X11/75dpi/" does not exist.
[    29.348] 	Entry deleted from font path.
[    29.348] (WW) The directory "/usr/share/fonts/X11/100dpi" does not exist.
[    29.348] 	Entry deleted from font path.
[    29.348] (WW) The directory "/usr/share/fonts/X11/75dpi" does not exist.
[    29.348] 	Entry deleted from font path.
[    29.348] (==) FontPath set to:
	/usr/share/fonts/X11/misc,
	/usr/share/fonts/X11/Type1,
	built-ins
[    29.348] (==) ModulePath set to "/usr/lib/xorg/modules"
[    29.349] (II) The server relies on udev to provide the list of input devices.
	If no devices become available, reconfigure udev or disable AutoAddDevices.
[    29.349] (II) Loader magic: 0x55b031e17020
[    29.349] (II) Module ABI versions:
[    29.349] 	X.Org ANSI C Emulation: 0.4
[    29.349] 	X.Org Video Driver: 24.0
[    29.349] 	X.Org XInput driver : 24.1
[    29.349] 	X.Org Server Extension : 10.0
[    29.350] (++) using VT number 2

[    29.354] (II) systemd-logind: took control of session /org/freedesktop/login1/session/_33
[    29.356] (II) xfree86: Adding drm device (/dev/dri/card0)
[    29.357] (II) systemd-logind: got fd for /dev/dri/card0 226:0 fd 13 paused 0
[    29.363] (--) PCI:*(0@0:2:0) 15ad:0405:15ad:0405 rev 0, Mem @ 0xf0000000/16777216, 0xf1000000/2097152, I/O @ 0x0000d010/16, BIOS @ 0x????????/131072
[    29.363] (II) LoadModule: "glx"
[    29.364] (II) Loading /usr/lib/xorg/modules/extensions/libglx.so
[    29.366] (II) Module glx: vendor="X.Org Foundation"
[    29.366] 	compiled for 1.20.5, module version = 1.0.0
[    29.366] 	ABI class: X.Org Server Extension, version 10.0
[    29.366] (==) Matched vmware as autoconfigured driver 0
[    29.366] (==) Matched modesetting as autoconfigured driver 1
[    29.368] (==) Matched fbdev as autoconfigured driver 2
[    29.369] (==) Matched vesa as autoconfigured driver 3
[    29.369] (==) Assigned the driver to the xf86ConfigLayout
[    29.369] (II) LoadModule: "vmware"
[    29.369] (II) Loading /usr/lib/xorg/modules/drivers/vmware_drv.so
[    29.410] (II) Module vmware: vendor="X.Org Foundation"
[    29.410] 	compiled for 1.20.1, module version = 13.3.0
[    29.410] 	Module class: X.Org Video Driver
[    29.410] 	ABI class: X.Org Video Driver, version 24.0
[    29.410] (II) LoadModule: "modesetting"
[    29.410] (II) Loading /usr/lib/xorg/modules/drivers/modesetting_drv.so
[    29.410] (II) Module modesetting: vendor="X.Org Foundation"
[    29.410] 	compiled for 1.20.5, module version = 1.20.5
[    29.411] 	Module class: X.Org Video Driver
[    29.411] 	ABI class: X.Org Video Driver, version 24.0
[    29.411] (II) LoadModule: "fbdev"
[    29.411] (II) Loading /usr/lib/xorg/modules/drivers/fbdev_drv.so
[    29.411] (II) Module fbdev: vendor="X.Org Foundation"
[    29.411] 	compiled for 1.20.1, module version = 0.5.0
[    29.411] 	Module class: X.Org Video Driver
[    29.411] 	ABI class: X.Org Video Driver, version 24.0
[    29.411] (II) LoadModule: "vesa"
[    29.412] (II) Loading /usr/lib/xorg/modules/drivers/vesa_drv.so
[    29.412] (II) Module vesa: vendor="X.Org Foundation"
[    29.412] 	compiled for 1.20.1, module version = 2.4.0
[    29.412] 	Module class: X.Org Video Driver
[    29.412] 	ABI class: X.Org Video Driver, version 24.0
[    29.412] (II) vmware: driver for VMware SVGA: vmware0405, vmware0710
[    29.412] (II) modesetting: Driver for Modesetting Kernel Drivers: kms
[    29.413] (II) FBDEV: driver for framebuffer: fbdev
[    29.413] (II) VESA: driver for VESA chipsets: vesa
[    29.415] xf86EnableIOPorts: failed to set IOPL for I/O (Operation not permitted)
[    29.415] (WW) Falling back to old probe method for modesetting
[    29.415] (WW) Falling back to old probe method for fbdev
[    29.416] (II) Loading sub module "fbdevhw"
[    29.416] (II) LoadModule: "fbdevhw"
[    29.416] (II) Loading /usr/lib/xorg/modules/libfbdevhw.so
[    29.416] (II) Module fbdevhw: vendor="X.Org Foundation"
[    29.416] 	compiled for 1.20.5, module version = 0.0.2
[    29.416] 	ABI class: X.Org Video Driver, version 24.0
[    29.416] (EE) open /dev/fb0: Permission denied
[    29.416] (WW) VGA arbiter: cannot open kernel arbiter, no multi-card support
[    29.416] (II) vmware(0): Creating default Display subsection in Screen section
	"Default Screen Section" for depth/fbbpp 24/32
[    29.417] (--) vmware(0): DRM driver version is 2.15.0
[    29.417] (==) vmware(0): Depth 24, (--) framebuffer bpp 32
[    29.417] (==) vmware(0): RGB weight 888
[    29.417] (==) vmware(0): Default visual is TrueColor
[    29.417] (--) vmware(0): Min width 1, Max Width 8192.
[    29.417] (--) vmware(0): Min height 1, Max Height 8192.
[    29.417] (II) vmware(0): Output Virtual1 has no monitor section
[    29.417] (II) vmware(0): Output Virtual2 has no monitor section
[    29.417] (II) vmware(0): Output Virtual3 has no monitor section
[    29.417] (II) vmware(0): Output Virtual4 has no monitor section
[    29.418] (II) vmware(0): Output Virtual5 has no monitor section
[    29.418] (II) vmware(0): Output Virtual6 has no monitor section
[    29.418] (II) vmware(0): Output Virtual7 has no monitor section
[    29.418] (II) vmware(0): Output Virtual8 has no monitor section
[    29.418] (II) vmware(0): Printing probed modes for output Virtual1
[    29.418] (II) vmware(0): Modeline "800x600"x60.0   42.75  800 850 900 950  600 650 700 750 -hsync +vsync (45.0 kHz eP)
[    29.418] (II) vmware(0): Modeline "2560x1600"x60.0  348.50  2560 2752 3032 3504  1600 1603 1609 1658 -hsync +vsync (99.5 kHz e)
[    29.418] (II) vmware(0): Modeline "1920x1440"x60.0  234.00  1920 2048 2256 2600  1440 1441 1444 1500 -hsync +vsync (90.0 kHz e)
[    29.418] (II) vmware(0): Modeline "1856x1392"x60.0  218.25  1856 1952 2176 2528  1392 1393 1396 1439 -hsync +vsync (86.3 kHz e)
[    29.419] (II) vmware(0): Modeline "1792x1344"x60.0  204.75  1792 1920 2120 2448  1344 1345 1348 1394 -hsync +vsync (83.6 kHz e)
[    29.419] (II) vmware(0): Modeline "1920x1200"x59.9  193.25  1920 2056 2256 2592  1200 1203 1209 1245 -hsync +vsync (74.6 kHz e)
[    29.419] (II) vmware(0): Modeline "1600x1200"x60.0  162.00  1600 1664 1856 2160  1200 1201 1204 1250 +hsync +vsync (75.0 kHz e)
[    29.419] (II) vmware(0): Modeline "1680x1050"x60.0  146.25  1680 1784 1960 2240  1050 1053 1059 1089 -hsync +vsync (65.3 kHz e)
[    29.419] (II) vmware(0): Modeline "1400x1050"x60.0  121.75  1400 1488 1632 1864  1050 1053 1057 1089 -hsync +vsync (65.3 kHz e)
[    29.419] (II) vmware(0): Modeline "1280x1024"x60.0  108.00  1280 1328 1440 1688  1024 1025 1028 1066 +hsync +vsync (64.0 kHz e)
[    29.419] (II) vmware(0): Modeline "1440x900"x59.9  106.50  1440 1520 1672 1904  900 903 909 934 -hsync +vsync (55.9 kHz e)
[    29.419] (II) vmware(0): Modeline "1280x960"x60.0  108.00  1280 1376 1488 1800  960 961 964 1000 +hsync +vsync (60.0 kHz e)
[    29.420] (II) vmware(0): Modeline "1360x768"x60.0   85.50  1360 1424 1536 1792  768 771 777 795 +hsync +vsync (47.7 kHz e)
[    29.420] (II) vmware(0): Modeline "1280x800"x59.8   83.50  1280 1352 1480 1680  800 803 809 831 +hsync -vsync (49.7 kHz e)
[    29.420] (II) vmware(0): Modeline "1152x864"x75.0  108.00  1152 1216 1344 1600  864 865 868 900 +hsync +vsync (67.5 kHz e)
[    29.420] (II) vmware(0): Modeline "1280x768"x59.9   79.50  1280 1344 1472 1664  768 771 778 798 -hsync +vsync (47.8 kHz e)
[    29.420] (II) vmware(0): Modeline "1024x768"x60.0   65.00  1024 1048 1184 1344  768 771 777 806 -hsync -vsync (48.4 kHz e)
[    29.421] (II) vmware(0): Modeline "800x600"x60.3   40.00  800 840 968 1056  600 601 605 628 +hsync +vsync (37.9 kHz e)
[    29.421] (II) vmware(0): Modeline "640x480"x59.9   25.18  640 656 752 800  480 489 492 525 -hsync -vsync (31.5 kHz e)
[    29.421] (II) vmware(0): EDID for output Virtual2
[    29.421] (II) vmware(0): EDID for output Virtual3
[    29.421] (II) vmware(0): EDID for output Virtual4
[    29.421] (II) vmware(0): EDID for output Virtual5
[    29.421] (II) vmware(0): EDID for output Virtual6
[    29.423] (II) vmware(0): EDID for output Virtual7
[    29.423] (II) vmware(0): EDID for output Virtual8
[    29.423] (II) vmware(0): Output Virtual1 connected
[    29.423] (II) vmware(0): Output Virtual2 disconnected
[    29.423] (II) vmware(0): Output Virtual3 disconnected
[    29.423] (II) vmware(0): Output Virtual4 disconnected
[    29.423] (II) vmware(0): Output Virtual5 disconnected
[    29.423] (II) vmware(0): Output Virtual6 disconnected
[    29.423] (II) vmware(0): Output Virtual7 disconnected
[    29.423] (II) vmware(0): Output Virtual8 disconnected
[    29.423] (II) vmware(0): Using exact sizes for initial modes
[    29.423] (II) vmware(0): Output Virtual1 using initial mode 800x600 +0+0
[    29.423] (==) vmware(0): DPI set to (96, 96)
[    29.423] (==) vmware(0): Using gamma correction (1.0, 1.0, 1.0)
[    29.423] (II) Loading sub module "fb"
[    29.423] (II) LoadModule: "fb"
[    29.423] (II) Loading /usr/lib/xorg/modules/libfb.so
[    29.424] (II) Module fb: vendor="X.Org Foundation"
[    29.424] 	compiled for 1.20.5, module version = 1.0.0
[    29.424] 	ABI class: X.Org ANSI C Emulation, version 0.4
[    29.424] (II) Loading sub module "dri2"
[    29.424] (II) LoadModule: "dri2"
[    29.424] (II) Module "dri2" already built-in
[    29.424] (II) Loading sub module "dri3"
[    29.424] (II) LoadModule: "dri3"
[    29.424] (II) Module "dri3" already built-in
[    29.424] (II) UnloadModule: "modesetting"
[    29.424] (II) Unloading modesetting
[    29.424] (II) UnloadModule: "fbdev"
[    29.424] (II) Unloading fbdev
[    29.424] (II) UnloadSubModule: "fbdevhw"
[    29.424] (II) Unloading fbdevhw
[    29.424] (II) UnloadModule: "vesa"
[    29.424] (II) Unloading vesa
[    29.425] (II) vmware(0): Initialized VMWARE_CTRL extension version 0.2
[    29.427] (WW) vmware(0): Failed to initialize Gallium3D Xa. No render acceleration available.
[    29.427] (WW) vmware(0): Skipped initialization of direct rendering due to lack of render acceleration.
[    29.427] (--) vmware(0): Render acceleration is disabled.
[    29.438] (==) vmware(0): Rendercheck mode is disabled.
[    29.438] (--) vmware(0): Direct rendering (DRI2 3D) is disabled.
[    29.438] (--) vmware(0): Direct rendering (DRI3 3D) is disabled.
[    29.438] (==) vmware(0): Backing store enabled
[    29.438] (==) vmware(0): Silken mouse enabled
[    29.439] (==) vmware(0): DPMS enabled
[    29.439] (II) vmware(0): No 3D acceleration. Not setting up textured video.
[    29.439] (WW) vmware(0): Disabling Xv because no adaptors could be initialized.
[    29.439] (II) Initializing extension Generic Event Extension
[    29.440] (II) Initializing extension SHAPE
[    29.440] (II) Initializing extension MIT-SHM
[    29.441] (II) Initializing extension XInputExtension
[    29.442] (II) Initializing extension XTEST
[    29.442] (II) Initializing extension BIG-REQUESTS
[    29.442] (II) Initializing extension SYNC
[    29.442] (II) Initializing extension XKEYBOARD
[    29.443] (II) Initializing extension XC-MISC
[    29.445] (II) Initializing extension SECURITY
[    29.445] (II) Initializing extension XFIXES
[    29.445] (II) Initializing extension RENDER
[    29.445] (II) Initializing extension RANDR
[    29.446] (II) Initializing extension COMPOSITE
[    29.446] (II) Initializing extension DAMAGE
[    29.446] (II) Initializing extension MIT-SCREEN-SAVER
[    29.447] (II) Initializing extension DOUBLE-BUFFER
[    29.449] (II) Initializing extension RECORD
[    29.449] (II) Initializing extension DPMS
[    29.449] (II) Initializing extension Present
[    29.449] (II) Initializing extension DRI3
[    29.449] (II) Initializing extension X-Resource
[    29.450] (II) Initializing extension XVideo
[    29.450] (II) Initializing extension XVideo-MotionCompensation
[    29.450] (II) Initializing extension SELinux
[    29.450] (II) SELinux: Disabled on system
[    29.450] (II) Initializing extension GLX
[    29.451] (II) AIGLX: Screen 0 is not DRI2 capable
[    29.459] (II) IGLX: Loaded and initialized swrast
[    29.460] (II) GLX: Initialized DRISWRAST GL provider for screen 0
[    29.460] (II) Initializing extension XFree86-VidModeExtension
[    29.461] (II) Initializing extension XFree86-DGA
[    29.461] (II) Initializing extension XFree86-DRI
[    29.461] (II) Initializing extension DRI2
[    29.464] (II) vmware(0): Setting screen physical size to 211 x 158
[    29.542] (II) config/udev: Adding input device Power Button (/dev/input/event0)
[    29.542] (**) Power Button: Applying InputClass "libinput keyboard catchall"
[    29.543] (II) LoadModule: "libinput"
[    29.543] (II) Loading /usr/lib/xorg/modules/input/libinput_drv.so
[    29.544] (II) Module libinput: vendor="X.Org Foundation"
[    29.544] 	compiled for 1.20.1, module version = 0.28.1
[    29.544] 	Module class: X.Org XInput Driver
[    29.544] 	ABI class: X.Org XInput driver, version 24.1
[    29.544] (II) Using input driver 'libinput' for 'Power Button'
[    29.555] (II) systemd-logind: got fd for /dev/input/event0 13:64 fd 21 paused 0
[    29.555] (**) Power Button: always reports core events
[    29.555] (**) Option "Device" "/dev/input/event0"
[    29.556] (**) Option "_source" "server/udev"
[    29.556] (II) event0  - Power Button: is tagged by udev as: Keyboard
[    29.557] (II) event0  - Power Button: device is a keyboard
[    29.557] (II) event0  - Power Button: device removed
[    29.557] (**) Option "config_info" "udev:/sys/devices/LNXSYSTM:00/LNXPWRBN:00/input/input0/event0"
[    29.557] (II) XINPUT: Adding extended input device "Power Button" (type: KEYBOARD, id 6)
[    29.557] (**) Option "xkb_model" "pc105"
[    29.557] (**) Option "xkb_layout" "us"
[    29.559] (II) event0  - Power Button: is tagged by udev as: Keyboard
[    29.559] (II) event0  - Power Button: device is a keyboard
[    29.560] (II) config/udev: Adding input device Sleep Button (/dev/input/event1)
[    29.560] (**) Sleep Button: Applying InputClass "libinput keyboard catchall"
[    29.560] (II) Using input driver 'libinput' for 'Sleep Button'
[    29.561] (II) systemd-logind: got fd for /dev/input/event1 13:65 fd 24 paused 0
[    29.561] (**) Sleep Button: always reports core events
[    29.561] (**) Option "Device" "/dev/input/event1"
[    29.561] (**) Option "_source" "server/udev"
[    29.564] (II) event1  - Sleep Button: is tagged by udev as: Keyboard
[    29.564] (II) event1  - Sleep Button: device is a keyboard
[    29.565] (II) event1  - Sleep Button: device removed
[    29.565] (**) Option "config_info" "udev:/sys/devices/LNXSYSTM:00/LNXSLPBN:00/input/input1/event1"
[    29.566] (II) XINPUT: Adding extended input device "Sleep Button" (type: KEYBOARD, id 7)
[    29.566] (**) Option "xkb_model" "pc105"
[    29.566] (**) Option "xkb_layout" "us"
[    29.566] (II) event1  - Sleep Button: is tagged by udev as: Keyboard
[    29.567] (II) event1  - Sleep Button: device is a keyboard
[    29.567] (II) config/udev: Adding input device Video Bus (/dev/input/event3)
[    29.567] (**) Video Bus: Applying InputClass "libinput keyboard catchall"
[    29.568] (II) Using input driver 'libinput' for 'Video Bus'
[    29.569] (II) systemd-logind: got fd for /dev/input/event3 13:67 fd 25 paused 0
[    29.570] (**) Video Bus: always reports core events
[    29.570] (**) Option "Device" "/dev/input/event3"
[    29.571] (**) Option "_source" "server/udev"
[    29.572] (II) event3  - Video Bus: is tagged by udev as: Keyboard
[    29.572] (II) event3  - Video Bus: device is a keyboard
[    29.572] (II) event3  - Video Bus: device removed
[    29.572] (**) Option "config_info" "udev:/sys/devices/LNXSYSTM:00/LNXSYBUS:00/PNP0A03:00/LNXVIDEO:00/input/input4/event3"
[    29.573] (II) XINPUT: Adding extended input device "Video Bus" (type: KEYBOARD, id 8)
[    29.573] (**) Option "xkb_model" "pc105"
[    29.573] (**) Option "xkb_layout" "us"
[    29.576] (II) event3  - Video Bus: is tagged by udev as: Keyboard
[    29.577] (II) event3  - Video Bus: device is a keyboard
[    29.579] (II) config/udev: Adding input device VirtualBox mouse integration (/dev/input/event6)
[    29.579] (**) VirtualBox mouse integration: Applying InputClass "libinput pointer catchall"
[    29.580] (II) Using input driver 'libinput' for 'VirtualBox mouse integration'
[    29.581] (II) systemd-logind: got fd for /dev/input/event6 13:70 fd 26 paused 0
[    29.581] (**) VirtualBox mouse integration: always reports core events
[    29.581] (**) Option "Device" "/dev/input/event6"
[    29.581] (**) Option "_source" "server/udev"
[    29.583] (II) event6  - VirtualBox mouse integration: is tagged by udev as: Mouse
[    29.583] (II) event6  - VirtualBox mouse integration: device is a pointer
[    29.583] (II) event6  - VirtualBox mouse integration: device removed
[    29.583] (**) Option "config_info" "udev:/sys/devices/pci0000:00/0000:00:04.0/input/input7/event6"
[    29.583] (II) XINPUT: Adding extended input device "VirtualBox mouse integration" (type: MOUSE, id 9)
[    29.584] (**) Option "AccelerationScheme" "none"
[    29.585] (**) VirtualBox mouse integration: (accel) selected scheme none/0
[    29.585] (**) VirtualBox mouse integration: (accel) acceleration factor: 2.000
[    29.585] (**) VirtualBox mouse integration: (accel) acceleration threshold: 4
[    29.585] (II) event6  - VirtualBox mouse integration: is tagged by udev as: Mouse
[    29.585] (II) event6  - VirtualBox mouse integration: device is a pointer
[    29.589] (II) config/udev: Adding input device VirtualBox mouse integration (/dev/input/js1)
[    29.589] (II) No input driver specified, ignoring this device.
[    29.589] (II) This device may have been added with another device file.
[    29.590] (II) config/udev: Adding input device VirtualBox USB Tablet (/dev/input/event5)
[    29.590] (**) VirtualBox USB Tablet: Applying InputClass "libinput pointer catchall"
[    29.590] (II) Using input driver 'libinput' for 'VirtualBox USB Tablet'
[    29.591] (II) systemd-logind: got fd for /dev/input/event5 13:69 fd 27 paused 0
[    29.591] (**) VirtualBox USB Tablet: always reports core events
[    29.591] (**) Option "Device" "/dev/input/event5"
[    29.591] (**) Option "_source" "server/udev"
[    29.594] (II) event5  - VirtualBox USB Tablet: is tagged by udev as: Mouse
[    29.594] (II) event5  - VirtualBox USB Tablet: device is a pointer
[    29.594] (II) event5  - VirtualBox USB Tablet: device removed
[    29.594] (**) Option "config_info" "udev:/sys/devices/pci0000:00/0000:00:06.0/usb1/1-1/1-1:1.0/0003:80EE:0021.0001/input/input6/event5"
[    29.594] (II) XINPUT: Adding extended input device "VirtualBox USB Tablet" (type: MOUSE, id 10)
[    29.596] (**) Option "AccelerationScheme" "none"
[    29.597] (**) VirtualBox USB Tablet: (accel) selected scheme none/0
[    29.597] (**) VirtualBox USB Tablet: (accel) acceleration factor: 2.000
[    29.597] (**) VirtualBox USB Tablet: (accel) acceleration threshold: 4
[    29.597] (II) event5  - VirtualBox USB Tablet: is tagged by udev as: Mouse
[    29.597] (II) event5  - VirtualBox USB Tablet: device is a pointer
[    29.599] (II) config/udev: Adding input device VirtualBox USB Tablet (/dev/input/js0)
[    29.599] (II) No input driver specified, ignoring this device.
[    29.599] (II) This device may have been added with another device file.
[    29.600] (II) config/udev: Adding input device VirtualBox USB Tablet (/dev/input/mouse1)
[    29.600] (II) No input driver specified, ignoring this device.
[    29.600] (II) This device may have been added with another device file.
[    29.603] (II) config/udev: Adding input device AT Translated Set 2 keyboard (/dev/input/event2)
[    29.603] (**) AT Translated Set 2 keyboard: Applying InputClass "libinput keyboard catchall"
[    29.603] (II) Using input driver 'libinput' for 'AT Translated Set 2 keyboard'
[    29.605] (II) systemd-logind: got fd for /dev/input/event2 13:66 fd 28 paused 0
[    29.605] (**) AT Translated Set 2 keyboard: always reports core events
[    29.605] (**) Option "Device" "/dev/input/event2"
[    29.605] (**) Option "_source" "server/udev"
[    29.607] (II) event2  - AT Translated Set 2 keyboard: is tagged by udev as: Keyboard
[    29.607] (II) event2  - AT Translated Set 2 keyboard: device is a keyboard
[    29.607] (II) event2  - AT Translated Set 2 keyboard: device removed
[    29.607] (**) Option "config_info" "udev:/sys/devices/platform/i8042/serio0/input/input2/event2"
[    29.607] (II) XINPUT: Adding extended input device "AT Translated Set 2 keyboard" (type: KEYBOARD, id 11)
[    29.607] (**) Option "xkb_model" "pc105"
[    29.607] (**) Option "xkb_layout" "us"
[    29.609] (II) event2  - AT Translated Set 2 keyboard: is tagged by udev as: Keyboard
[    29.610] (II) event2  - AT Translated Set 2 keyboard: device is a keyboard
[    29.612] (II) config/udev: Adding input device ImExPS/2 Generic Explorer Mouse (/dev/input/event4)
[    29.612] (**) ImExPS/2 Generic Explorer Mouse: Applying InputClass "libinput pointer catchall"
[    29.612] (II) Using input driver 'libinput' for 'ImExPS/2 Generic Explorer Mouse'
[    29.613] (II) systemd-logind: got fd for /dev/input/event4 13:68 fd 29 paused 0
[    29.613] (**) ImExPS/2 Generic Explorer Mouse: always reports core events
[    29.613] (**) Option "Device" "/dev/input/event4"
[    29.613] (**) Option "_source" "server/udev"
[    29.617] (II) event4  - ImExPS/2 Generic Explorer Mouse: is tagged by udev as: Mouse
[    29.617] (II) event4  - ImExPS/2 Generic Explorer Mouse: device is a pointer
[    29.617] (II) event4  - ImExPS/2 Generic Explorer Mouse: device removed
[    29.618] (**) Option "config_info" "udev:/sys/devices/platform/i8042/serio1/input/input5/event4"
[    29.618] (II) XINPUT: Adding extended input device "ImExPS/2 Generic Explorer Mouse" (type: MOUSE, id 12)
[    29.619] (**) Option "AccelerationScheme" "none"
[    29.619] (**) ImExPS/2 Generic Explorer Mouse: (accel) selected scheme none/0
[    29.619] (**) ImExPS/2 Generic Explorer Mouse: (accel) acceleration factor: 2.000
[    29.619] (**) ImExPS/2 Generic Explorer Mouse: (accel) acceleration threshold: 4
[    29.621] (II) event4  - ImExPS/2 Generic Explorer Mouse: is tagged by udev as: Mouse
[    29.621] (II) event4  - ImExPS/2 Generic Explorer Mouse: device is a pointer
[    29.622] (II) config/udev: Adding input device ImExPS/2 Generic Explorer Mouse (/dev/input/mouse0)
[    29.623] (II) No input driver specified, ignoring this device.
[    29.623] (II) This device may have been added with another device file.
[   136.641] (II) event4  - ImExPS/2 Generic Explorer Mouse: Enabling spurious button debouncing, see https://wayland.freedesktop.org/libinput/doc/1.10.4/button_debouncing.html for details
